[INFO ] 2025-03-03 14:16:33.303 [main] TC001_AccountRegistrationTest - got url from properties
[INFO ] 2025-03-03 14:16:33.348 [main] TC001_AccountRegistrationTest - *********** Starting TC001_AccountRegistrationTest**********
[INFO ] 2025-03-03 14:16:33.438 [main] TC001_AccountRegistrationTest - Clicked on my account link 
[INFO ] 2025-03-03 14:16:34.116 [main] TC001_AccountRegistrationTest - Clicked on register link 
[INFO ] 2025-03-03 14:16:34.119 [main] TC001_AccountRegistrationTest - providing customer details 
[INFO ] 2025-03-03 14:16:35.440 [main] TC001_AccountRegistrationTest - validating expected message
[INFO ] 2025-03-03 14:16:35.478 [main] TC001_AccountRegistrationTest - *********** Finished TC001_AccountRegistrationTest**********
[INFO ] 2025-03-03 14:16:39.840 [main] TC002_LoginTest - got url from properties
[INFO ] 2025-03-03 14:16:39.879 [main] TC002_LoginTest - **** Starting   TC001_LoginTest  ****
[INFO ] 2025-03-03 14:16:40.013 [main] TC002_LoginTest - clicked on my account link
[INFO ] 2025-03-03 14:16:40.404 [main] TC002_LoginTest - clicked on login link
[INFO ] 2025-03-03 14:16:40.486 [main] TC002_LoginTest - got email from config properties file
[INFO ] 2025-03-03 14:16:40.540 [main] TC002_LoginTest - got password from config properties file
[INFO ] 2025-03-03 14:16:41.473 [main] TC002_LoginTest - ####  Login Successful  ####
[INFO ] 2025-03-03 14:16:41.473 [main] TC002_LoginTest - **** finished   TC001_LoginTest  ****
[INFO ] 2025-03-03 14:20:58.084 [main] TC001_AccountRegistrationTest - got url from properties
[INFO ] 2025-03-03 14:20:58.144 [main] TC001_AccountRegistrationTest - *********** Starting TC001_AccountRegistrationTest**********
[INFO ] 2025-03-03 14:20:58.246 [main] TC001_AccountRegistrationTest - Clicked on my account link 
[INFO ] 2025-03-03 14:20:58.919 [main] TC001_AccountRegistrationTest - Clicked on register link 
[INFO ] 2025-03-03 14:20:58.921 [main] TC001_AccountRegistrationTest - providing customer details 
[INFO ] 2025-03-03 14:21:00.322 [main] TC001_AccountRegistrationTest - validating expected message
[INFO ] 2025-03-03 14:21:00.361 [main] TC001_AccountRegistrationTest - *********** Finished TC001_AccountRegistrationTest**********
[INFO ] 2025-03-03 14:21:04.737 [main] TC002_LoginTest - got url from properties
[INFO ] 2025-03-03 14:21:04.775 [main] TC002_LoginTest - **** Starting   TC001_LoginTest  ****
[INFO ] 2025-03-03 14:21:04.854 [main] TC002_LoginTest - clicked on my account link
[INFO ] 2025-03-03 14:21:05.287 [main] TC002_LoginTest - clicked on login link
[INFO ] 2025-03-03 14:21:05.388 [main] TC002_LoginTest - got email from config properties file
[INFO ] 2025-03-03 14:21:05.439 [main] TC002_LoginTest - got password from config properties file
[INFO ] 2025-03-03 14:21:06.436 [main] TC002_LoginTest - ####  Login Successful  ####
[INFO ] 2025-03-03 14:21:06.437 [main] TC002_LoginTest - **** finished   TC001_LoginTest  ****
[INFO ] 2025-03-03 15:21:41.130 [main] TC001_AccountRegistrationTest - got url from properties
[INFO ] 2025-03-03 15:21:41.176 [main] TC001_AccountRegistrationTest - *********** Starting TC001_AccountRegistrationTest**********
[INFO ] 2025-03-03 15:21:41.265 [main] TC001_AccountRegistrationTest - Clicked on my account link 
[INFO ] 2025-03-03 15:21:41.987 [main] TC001_AccountRegistrationTest - Clicked on register link 
[INFO ] 2025-03-03 15:21:41.989 [main] TC001_AccountRegistrationTest - providing customer details 
[INFO ] 2025-03-03 15:21:43.317 [main] TC001_AccountRegistrationTest - validating expected message
[INFO ] 2025-03-03 15:21:43.344 [main] TC001_AccountRegistrationTest - *********** Finished TC001_AccountRegistrationTest**********
[INFO ] 2025-03-03 15:21:47.992 [main] TC002_LoginTest - got url from properties
[INFO ] 2025-03-03 15:21:48.020 [main] TC002_LoginTest - **** Starting   TC001_LoginTest  ****
[INFO ] 2025-03-03 15:21:48.077 [main] TC002_LoginTest - clicked on my account link
[INFO ] 2025-03-03 15:21:48.474 [main] TC002_LoginTest - clicked on login link
[INFO ] 2025-03-03 15:21:48.561 [main] TC002_LoginTest - got email from config properties file
[INFO ] 2025-03-03 15:21:48.611 [main] TC002_LoginTest - got password from config properties file
[INFO ] 2025-03-03 15:21:49.561 [main] TC002_LoginTest - ####  Login Successful  ####
[INFO ] 2025-03-03 15:21:49.561 [main] TC002_LoginTest - **** finished   TC001_LoginTest  ****
[INFO ] 2025-03-03 15:21:54.143 [main] TC_004_SearchProductTest - got url from properties
[INFO ] 2025-03-03 15:21:54.185 [main] TC_004_SearchProductTest -  Starting TC_004_SearchProductTest 
[INFO ] 2025-03-03 15:23:09.248 [main] TC001_AccountRegistrationTest - got url from properties
[INFO ] 2025-03-03 15:23:09.304 [main] TC001_AccountRegistrationTest - *********** Starting TC001_AccountRegistrationTest**********
[INFO ] 2025-03-03 15:23:09.419 [main] TC001_AccountRegistrationTest - Clicked on my account link 
[INFO ] 2025-03-03 15:23:10.087 [main] TC001_AccountRegistrationTest - Clicked on register link 
[INFO ] 2025-03-03 15:23:10.088 [main] TC001_AccountRegistrationTest - providing customer details 
[INFO ] 2025-03-03 15:23:11.390 [main] TC001_AccountRegistrationTest - validating expected message
[INFO ] 2025-03-03 15:23:11.420 [main] TC001_AccountRegistrationTest - *********** Finished TC001_AccountRegistrationTest**********
[INFO ] 2025-03-03 15:23:15.893 [main] TC002_LoginTest - got url from properties
[INFO ] 2025-03-03 15:23:15.939 [main] TC002_LoginTest - **** Starting   TC001_LoginTest  ****
[INFO ] 2025-03-03 15:23:16.004 [main] TC002_LoginTest - clicked on my account link
[INFO ] 2025-03-03 15:23:16.410 [main] TC002_LoginTest - clicked on login link
[INFO ] 2025-03-03 15:23:16.492 [main] TC002_LoginTest - got email from config properties file
[INFO ] 2025-03-03 15:23:16.541 [main] TC002_LoginTest - got password from config properties file
[INFO ] 2025-03-03 15:23:17.483 [main] TC002_LoginTest - ####  Login Successful  ####
[INFO ] 2025-03-03 15:23:17.483 [main] TC002_LoginTest - **** finished   TC001_LoginTest  ****
[INFO ] 2025-03-03 15:23:21.919 [main] TC_004_SearchProductTest - got url from properties
[INFO ] 2025-03-03 15:23:21.954 [main] TC_004_SearchProductTest -  Starting TC_004_SearchProductTest 
[INFO ] 2025-03-05 12:58:52.470 [main] TC001_AccountRegistrationTest - got url from properties
[INFO ] 2025-03-05 12:58:52.520 [main] TC001_AccountRegistrationTest - *********** Starting TC001_AccountRegistrationTest**********
[INFO ] 2025-03-05 12:58:52.614 [main] TC001_AccountRegistrationTest - Clicked on my account link 
[INFO ] 2025-03-05 12:58:53.283 [main] TC001_AccountRegistrationTest - Clicked on register link 
[INFO ] 2025-03-05 12:58:53.294 [main] TC001_AccountRegistrationTest - providing customer details 
[INFO ] 2025-03-05 12:58:54.597 [main] TC001_AccountRegistrationTest - validating expected message
[INFO ] 2025-03-05 12:58:54.620 [main] TC001_AccountRegistrationTest - *********** Finished TC001_AccountRegistrationTest**********
[INFO ] 2025-03-05 12:58:58.927 [main] TC002_LoginTest - got url from properties
[INFO ] 2025-03-05 12:58:58.967 [main] TC002_LoginTest - **** Starting   TC001_LoginTest  ****
[INFO ] 2025-03-05 12:58:59.023 [main] TC002_LoginTest - clicked on my account link
[INFO ] 2025-03-05 12:58:59.425 [main] TC002_LoginTest - clicked on login link
[INFO ] 2025-03-05 12:58:59.505 [main] TC002_LoginTest - got email from config properties file
[INFO ] 2025-03-05 12:58:59.563 [main] TC002_LoginTest - got password from config properties file
[INFO ] 2025-03-05 12:59:00.733 [main] TC002_LoginTest - ####  Login Successful  ####
[INFO ] 2025-03-05 12:59:00.733 [main] TC002_LoginTest - **** finished   TC001_LoginTest  ****
[INFO ] 2025-03-05 12:59:04.998 [main] TC_004_SearchProductTest - got url from properties
[INFO ] 2025-03-05 12:59:05.039 [main] TC_004_SearchProductTest -  Starting TC_004_SearchProductTest 
[INFO ] 2025-03-05 13:00:14.032 [main] TC001_AccountRegistrationTest - got url from properties
[INFO ] 2025-03-05 13:00:14.077 [main] TC001_AccountRegistrationTest - *********** Starting TC001_AccountRegistrationTest**********
[INFO ] 2025-03-05 13:00:14.171 [main] TC001_AccountRegistrationTest - Clicked on my account link 
[INFO ] 2025-03-05 13:00:14.833 [main] TC001_AccountRegistrationTest - Clicked on register link 
[INFO ] 2025-03-05 13:00:14.834 [main] TC001_AccountRegistrationTest - providing customer details 
[INFO ] 2025-03-05 13:00:16.239 [main] TC001_AccountRegistrationTest - validating expected message
[INFO ] 2025-03-05 13:00:16.268 [main] TC001_AccountRegistrationTest - *********** Finished TC001_AccountRegistrationTest**********
[INFO ] 2025-03-05 13:00:20.666 [main] TC002_LoginTest - got url from properties
[INFO ] 2025-03-05 13:00:20.707 [main] TC002_LoginTest - **** Starting   TC001_LoginTest  ****
[INFO ] 2025-03-05 13:00:20.789 [main] TC002_LoginTest - clicked on my account link
[INFO ] 2025-03-05 13:00:21.185 [main] TC002_LoginTest - clicked on login link
[INFO ] 2025-03-05 13:00:21.267 [main] TC002_LoginTest - got email from config properties file
[INFO ] 2025-03-05 13:00:21.318 [main] TC002_LoginTest - got password from config properties file
[INFO ] 2025-03-05 13:00:22.479 [main] TC002_LoginTest - ####  Login Successful  ####
[INFO ] 2025-03-05 13:00:22.480 [main] TC002_LoginTest - **** finished   TC001_LoginTest  ****
[INFO ] 2025-03-05 13:39:55.969 [main] TC001_AccountRegistrationTest - got url from properties
[INFO ] 2025-03-05 13:39:56.020 [main] TC001_AccountRegistrationTest - *********** Starting TC001_AccountRegistrationTest**********
[INFO ] 2025-03-05 13:39:56.092 [main] TC001_AccountRegistrationTest - Clicked on my account link 
[INFO ] 2025-03-05 13:39:56.768 [main] TC001_AccountRegistrationTest - Clicked on register link 
[INFO ] 2025-03-05 13:39:56.769 [main] TC001_AccountRegistrationTest - providing customer details 
[INFO ] 2025-03-05 13:39:58.084 [main] TC001_AccountRegistrationTest - validating expected message
[INFO ] 2025-03-05 13:39:58.112 [main] TC001_AccountRegistrationTest - *********** Finished TC001_AccountRegistrationTest**********
[INFO ] 2025-03-05 13:40:03.654 [main] TC002_LoginTest - got url from properties
[INFO ] 2025-03-05 13:40:03.688 [main] TC002_LoginTest - **** Starting   TC001_LoginTest  ****
[INFO ] 2025-03-05 13:40:03.764 [main] TC002_LoginTest - clicked on my account link
[INFO ] 2025-03-05 13:40:04.477 [main] TC002_LoginTest - clicked on login link
[INFO ] 2025-03-05 13:40:04.559 [main] TC002_LoginTest - got email from config properties file
[INFO ] 2025-03-05 13:40:04.608 [main] TC002_LoginTest - got password from config properties file
[INFO ] 2025-03-05 13:40:07.203 [main] TC002_LoginTest - ####  Login Successful  ####
[INFO ] 2025-03-05 13:40:07.204 [main] TC002_LoginTest - **** finished   TC001_LoginTest  ****
[INFO ] 2025-03-05 20:43:11.262 [main] TC001_AccountRegistrationTest - got url from properties
[INFO ] 2025-03-05 20:43:11.310 [main] TC001_AccountRegistrationTest - *********** Starting TC001_AccountRegistrationTest**********
[INFO ] 2025-03-05 20:43:11.447 [main] TC001_AccountRegistrationTest - Clicked on my account link 
[INFO ] 2025-03-05 20:43:12.110 [main] TC001_AccountRegistrationTest - Clicked on register link 
[INFO ] 2025-03-05 20:43:12.111 [main] TC001_AccountRegistrationTest - providing customer details 
[INFO ] 2025-03-05 20:43:13.460 [main] TC001_AccountRegistrationTest - validating expected message
[INFO ] 2025-03-05 20:43:13.486 [main] TC001_AccountRegistrationTest - *********** Finished TC001_AccountRegistrationTest**********
[INFO ] 2025-03-05 20:43:17.994 [main] TC002_LoginTest - got url from properties
[INFO ] 2025-03-05 20:43:18.033 [main] TC002_LoginTest - **** Starting   TC001_LoginTest  ****
[INFO ] 2025-03-05 20:43:18.112 [main] TC002_LoginTest - clicked on my account link
[INFO ] 2025-03-05 20:43:18.518 [main] TC002_LoginTest - clicked on login link
[INFO ] 2025-03-05 20:43:18.610 [main] TC002_LoginTest - got email from config properties file
[INFO ] 2025-03-05 20:43:18.664 [main] TC002_LoginTest - got password from config properties file
[INFO ] 2025-03-05 20:43:19.836 [main] TC002_LoginTest - ####  Login Successful  ####
[INFO ] 2025-03-05 20:43:19.836 [main] TC002_LoginTest - **** finished   TC001_LoginTest  ****
[INFO ] 2025-03-05 20:47:10.958 [main] TC001_AccountRegistrationTest - got url from properties
[INFO ] 2025-03-05 20:47:11.011 [main] TC001_AccountRegistrationTest - *********** Starting TC001_AccountRegistrationTest**********
[INFO ] 2025-03-05 20:47:11.121 [main] TC001_AccountRegistrationTest - Clicked on my account link 
[INFO ] 2025-03-05 20:47:11.783 [main] TC001_AccountRegistrationTest - Clicked on register link 
[INFO ] 2025-03-05 20:47:11.786 [main] TC001_AccountRegistrationTest - providing customer details 
[INFO ] 2025-03-05 20:47:13.158 [main] TC001_AccountRegistrationTest - validating expected message
[INFO ] 2025-03-05 20:47:13.187 [main] TC001_AccountRegistrationTest - *********** Finished TC001_AccountRegistrationTest**********
[INFO ] 2025-03-05 20:47:17.678 [main] TC002_LoginTest - got url from properties
[INFO ] 2025-03-05 20:47:17.718 [main] TC002_LoginTest - **** Starting   TC001_LoginTest  ****
[INFO ] 2025-03-05 20:47:17.849 [main] TC002_LoginTest - clicked on my account link
[INFO ] 2025-03-05 20:47:18.245 [main] TC002_LoginTest - clicked on login link
[INFO ] 2025-03-05 20:47:18.337 [main] TC002_LoginTest - got email from config properties file
[INFO ] 2025-03-05 20:47:18.390 [main] TC002_LoginTest - got password from config properties file
[INFO ] 2025-03-05 20:47:19.570 [main] TC002_LoginTest - ####  Login Successful  ####
[INFO ] 2025-03-05 20:47:19.570 [main] TC002_LoginTest - **** finished   TC001_LoginTest  ****
[INFO ] 2025-03-05 20:48:15.699 [main] TC001_AccountRegistrationTest - got url from properties
[INFO ] 2025-03-05 20:48:15.743 [main] TC001_AccountRegistrationTest - *********** Starting TC001_AccountRegistrationTest**********
[INFO ] 2025-03-05 20:48:15.890 [main] TC001_AccountRegistrationTest - Clicked on my account link 
[INFO ] 2025-03-05 20:48:16.555 [main] TC001_AccountRegistrationTest - Clicked on register link 
[INFO ] 2025-03-05 20:48:16.558 [main] TC001_AccountRegistrationTest - providing customer details 
[INFO ] 2025-03-05 20:48:17.858 [main] TC001_AccountRegistrationTest - validating expected message
[INFO ] 2025-03-05 20:48:17.887 [main] TC001_AccountRegistrationTest - *********** Finished TC001_AccountRegistrationTest**********
[INFO ] 2025-03-05 20:48:22.365 [main] TC002_LoginTest - got url from properties
[INFO ] 2025-03-05 20:48:22.400 [main] TC002_LoginTest - **** Starting   TC001_LoginTest  ****
[INFO ] 2025-03-05 20:48:22.473 [main] TC002_LoginTest - clicked on my account link
[INFO ] 2025-03-05 20:48:22.872 [main] TC002_LoginTest - clicked on login link
[INFO ] 2025-03-05 20:48:22.958 [main] TC002_LoginTest - got email from config properties file
[INFO ] 2025-03-05 20:48:23.008 [main] TC002_LoginTest - got password from config properties file
[INFO ] 2025-03-05 20:48:24.159 [main] TC002_LoginTest - ####  Login Successful  ####
[INFO ] 2025-03-05 20:48:24.159 [main] TC002_LoginTest - **** finished   TC001_LoginTest  ****
[INFO ] 2025-03-05 21:01:08.002 [main] TC001_AccountRegistrationTest - got url from properties
[INFO ] 2025-03-05 21:01:08.044 [main] TC001_AccountRegistrationTest - *********** Starting TC001_AccountRegistrationTest**********
[INFO ] 2025-03-05 21:01:22.530 [main] TC002_LoginTest - got url from properties
[INFO ] 2025-03-05 21:01:22.553 [main] TC002_LoginTest - **** Starting   TC001_LoginTest  ****
[INFO ] 2025-03-05 21:04:48.451 [main] TC001_AccountRegistrationTest - got url from properties
[INFO ] 2025-03-05 21:04:48.486 [main] TC001_AccountRegistrationTest - *********** Starting TC001_AccountRegistrationTest**********
[INFO ] 2025-03-05 21:05:03.357 [main] TC002_LoginTest - got url from properties
[INFO ] 2025-03-05 21:05:03.389 [main] TC002_LoginTest - **** Starting   TC001_LoginTest  ****
[INFO ] 2025-03-05 21:52:08.221 [main] TC001_AccountRegistrationTest - got url from properties
[INFO ] 2025-03-05 21:52:08.286 [main] TC001_AccountRegistrationTest - *********** Starting TC001_AccountRegistrationTest**********
[INFO ] 2025-03-05 21:52:08.458 [main] TC001_AccountRegistrationTest - Clicked on my account link 
[ERROR] 2025-03-05 21:52:18.483 [main] TC001_AccountRegistrationTest - verifyAccountRegistration::
org.openqa.selenium.ElementNotInteractableException: element not interactable
  (Session info: chrome=133.0.6943.142)
Build info: version: '4.28.1', revision: '73f5ad48a2'
System info: os.name: 'Windows 11', os.arch: 'amd64', os.version: '10.0', java.version: '17.0.12'
Driver info: org.openqa.selenium.chrome.ChromeDriver
Command: [87cd7874c403fe392683f48208aa009c, clickElement {id=f.1AC7C0C8B51DF78DD682C491A3D56678.d.8C1C9031341E4E6BF5EDC1A5A6BBC6CA.e.61}]
Capabilities {acceptInsecureCerts: false, browserName: chrome, browserVersion: 133.0.6943.142, chrome: {chromedriverVersion: 133.0.6943.141 (2a5d6da0d61..., userDataDir: C:\Users\subbu\AppData\Loca...}, fedcm:accounts: true, goog:chromeOptions: {debuggerAddress: localhost:54061}, networkConnectionEnabled: false, pageLoadStrategy: normal, platformName: windows, proxy: Proxy(), se:cdp: ws://localhost:54061/devtoo..., se:cdpVersion: 133.0.6943.142, setWindowRect: true, strictFileInteractability: false, timeouts: {implicit: 0, pageLoad: 300000, script: 30000}, unhandledPromptBehavior: dismiss and notify, webauthn:extension:credBlob: true, webauthn:extension:largeBlob: true, webauthn:extension:minPinLength: true, webauthn:extension:prf: true, webauthn:virtualAuthenticators: true}
Element: [[ChromeDriver: chrome on windows (87cd7874c403fe392683f48208aa009c)] -> xpath: //a[text()='Register']]
Session ID: 87cd7874c403fe392683f48208aa009c
	at java.base/jdk.internal.reflect.NativeConstructorAccessorImpl.newInstance0(Native Method) ~[?:?]
	at java.base/jdk.internal.reflect.NativeConstructorAccessorImpl.newInstance(NativeConstructorAccessorImpl.java:77) ~[?:?]
	at java.base/jdk.internal.reflect.DelegatingConstructorAccessorImpl.newInstance(DelegatingConstructorAccessorImpl.java:45) ~[?:?]
	at java.base/java.lang.reflect.Constructor.newInstanceWithCaller(Constructor.java:500) ~[?:?]
	at java.base/java.lang.reflect.Constructor.newInstance(Constructor.java:481) ~[?:?]
	at org.openqa.selenium.remote.ErrorCodec.decode(ErrorCodec.java:167) ~[selenium-remote-driver-4.28.1.jar:?]
	at org.openqa.selenium.remote.codec.w3c.W3CHttpResponseCodec.decode(W3CHttpResponseCodec.java:138) ~[selenium-remote-driver-4.28.1.jar:?]
	at org.openqa.selenium.remote.codec.w3c.W3CHttpResponseCodec.decode(W3CHttpResponseCodec.java:50) ~[selenium-remote-driver-4.28.1.jar:?]
	at org.openqa.selenium.remote.HttpCommandExecutor.execute(HttpCommandExecutor.java:215) ~[selenium-remote-driver-4.28.1.jar:?]
	at org.openqa.selenium.remote.service.DriverCommandExecutor.invokeExecute(DriverCommandExecutor.java:216) ~[selenium-remote-driver-4.28.1.jar:?]
	at org.openqa.selenium.remote.service.DriverCommandExecutor.execute(DriverCommandExecutor.java:174) ~[selenium-remote-driver-4.28.1.jar:?]
	at org.openqa.selenium.remote.RemoteWebDriver.execute(RemoteWebDriver.java:545) ~[selenium-remote-driver-4.28.1.jar:?]
	at org.openqa.selenium.remote.RemoteWebElement.execute(RemoteWebElement.java:223) ~[selenium-remote-driver-4.28.1.jar:?]
	at org.openqa.selenium.remote.RemoteWebElement.click(RemoteWebElement.java:76) ~[selenium-remote-driver-4.28.1.jar:?]
	at java.base/jdk.internal.reflect.NativeMethodAccessorImpl.invoke0(Native Method) ~[?:?]
	at java.base/jdk.internal.reflect.NativeMethodAccessorImpl.invoke(NativeMethodAccessorImpl.java:77) ~[?:?]
	at java.base/jdk.internal.reflect.DelegatingMethodAccessorImpl.invoke(DelegatingMethodAccessorImpl.java:43) ~[?:?]
	at java.base/java.lang.reflect.Method.invoke(Method.java:569) ~[?:?]
	at org.openqa.selenium.support.pagefactory.internal.LocatingElementHandler.invoke(LocatingElementHandler.java:51) ~[selenium-support-4.28.1.jar:?]
	at jdk.proxy2/jdk.proxy2.$Proxy27.click(Unknown Source) ~[?:?]
	at pageObjects.HomePage.clickOnRegister(HomePage.java:39) ~[test-classes/:?]
	at testCases.TC001_AccountRegistrationTest.verifyAccountRegistration(TC001_AccountRegistrationTest.java:21) ~[test-classes/:?]
	at java.base/jdk.internal.reflect.NativeMethodAccessorImpl.invoke0(Native Method) ~[?:?]
	at java.base/jdk.internal.reflect.NativeMethodAccessorImpl.invoke(NativeMethodAccessorImpl.java:77) ~[?:?]
	at java.base/jdk.internal.reflect.DelegatingMethodAccessorImpl.invoke(DelegatingMethodAccessorImpl.java:43) ~[?:?]
	at java.base/java.lang.reflect.Method.invoke(Method.java:569) ~[?:?]
	at org.testng.internal.invokers.MethodInvocationHelper.invokeMethod(MethodInvocationHelper.java:141) ~[testng-7.11.0.jar:7.11.0]
	at org.testng.internal.invokers.TestInvoker.invokeMethod(TestInvoker.java:687) ~[testng-7.11.0.jar:7.11.0]
	at org.testng.internal.invokers.TestInvoker.invokeTestMethod(TestInvoker.java:230) ~[testng-7.11.0.jar:7.11.0]
	at org.testng.internal.invokers.MethodRunner.runInSequence(MethodRunner.java:63) ~[testng-7.11.0.jar:7.11.0]
	at org.testng.internal.invokers.TestInvoker$MethodInvocationAgent.invoke(TestInvoker.java:995) ~[testng-7.11.0.jar:7.11.0]
	at org.testng.internal.invokers.TestInvoker.invokeTestMethods(TestInvoker.java:203) ~[testng-7.11.0.jar:7.11.0]
	at org.testng.internal.invokers.TestMethodWorker.invokeTestMethods(TestMethodWorker.java:154) ~[testng-7.11.0.jar:7.11.0]
	at org.testng.internal.invokers.TestMethodWorker.run(TestMethodWorker.java:134) ~[testng-7.11.0.jar:7.11.0]
	at java.base/java.util.ArrayList.forEach(ArrayList.java:1511) [?:?]
	at org.testng.TestRunner.privateRun(TestRunner.java:741) [testng-7.11.0.jar:7.11.0]
	at org.testng.TestRunner.run(TestRunner.java:616) [testng-7.11.0.jar:7.11.0]
	at org.testng.SuiteRunner.runTest(SuiteRunner.java:421) [testng-7.11.0.jar:7.11.0]
	at org.testng.SuiteRunner.runSequentially(SuiteRunner.java:413) [testng-7.11.0.jar:7.11.0]
	at org.testng.SuiteRunner.privateRun(SuiteRunner.java:373) [testng-7.11.0.jar:7.11.0]
	at org.testng.SuiteRunner.run(SuiteRunner.java:312) [testng-7.11.0.jar:7.11.0]
	at org.testng.SuiteRunnerWorker.runSuite(SuiteRunnerWorker.java:52) [testng-7.11.0.jar:7.11.0]
	at org.testng.SuiteRunnerWorker.run(SuiteRunnerWorker.java:95) [testng-7.11.0.jar:7.11.0]
	at org.testng.TestNG.runSuitesSequentially(TestNG.java:1274) [testng-7.11.0.jar:7.11.0]
	at org.testng.TestNG.runSuitesLocally(TestNG.java:1208) [testng-7.11.0.jar:7.11.0]
	at org.testng.TestNG.runSuites(TestNG.java:1112) [testng-7.11.0.jar:7.11.0]
	at org.testng.TestNG.run(TestNG.java:1079) [testng-7.11.0.jar:7.11.0]
	at org.apache.maven.surefire.testng.TestNGExecutor.run(TestNGExecutor.java:308) [surefire-testng-3.5.2.jar:3.5.2]
	at org.apache.maven.surefire.testng.TestNGXmlTestSuite.execute(TestNGXmlTestSuite.java:71) [surefire-testng-3.5.2.jar:3.5.2]
	at org.apache.maven.surefire.testng.TestNGProvider.invoke(TestNGProvider.java:113) [surefire-testng-3.5.2.jar:3.5.2]
	at org.apache.maven.surefire.booter.ForkedBooter.runSuitesInProcess(ForkedBooter.java:385) [surefire-booter-3.5.2.jar:3.5.2]
	at org.apache.maven.surefire.booter.ForkedBooter.execute(ForkedBooter.java:162) [surefire-booter-3.5.2.jar:3.5.2]
	at org.apache.maven.surefire.booter.ForkedBooter.run(ForkedBooter.java:507) [surefire-booter-3.5.2.jar:3.5.2]
	at org.apache.maven.surefire.booter.ForkedBooter.main(ForkedBooter.java:495) [surefire-booter-3.5.2.jar:3.5.2]
[INFO ] 2025-03-05 21:52:23.258 [main] TC002_LoginTest - got url from properties
[INFO ] 2025-03-05 21:52:23.298 [main] TC002_LoginTest - **** Starting   TC001_LoginTest  ****
[INFO ] 2025-03-05 21:52:23.517 [main] TC002_LoginTest - clicked on my account link
[ERROR] 2025-03-05 21:52:33.597 [main] TC002_LoginTest - verifyLogin::
org.openqa.selenium.ElementNotInteractableException: element not interactable
  (Session info: chrome=133.0.6943.142)
Build info: version: '4.28.1', revision: '73f5ad48a2'
System info: os.name: 'Windows 11', os.arch: 'amd64', os.version: '10.0', java.version: '17.0.12'
Driver info: org.openqa.selenium.chrome.ChromeDriver
Command: [375bc2a21c7b0856f2bb6f0a56722526, clickElement {id=f.73700497757EA60149D307F74DC9000F.d.CB2DCA869CF2CDF7ABB437E5FA1227AD.e.62}]
Capabilities {acceptInsecureCerts: false, browserName: chrome, browserVersion: 133.0.6943.142, chrome: {chromedriverVersion: 133.0.6943.141 (2a5d6da0d61..., userDataDir: C:\Users\subbu\AppData\Loca...}, fedcm:accounts: true, goog:chromeOptions: {debuggerAddress: localhost:54128}, networkConnectionEnabled: false, pageLoadStrategy: normal, platformName: windows, proxy: Proxy(), se:cdp: ws://localhost:54128/devtoo..., se:cdpVersion: 133.0.6943.142, setWindowRect: true, strictFileInteractability: false, timeouts: {implicit: 0, pageLoad: 300000, script: 30000}, unhandledPromptBehavior: dismiss and notify, webauthn:extension:credBlob: true, webauthn:extension:largeBlob: true, webauthn:extension:minPinLength: true, webauthn:extension:prf: true, webauthn:virtualAuthenticators: true}
Element: [[ChromeDriver: chrome on windows (375bc2a21c7b0856f2bb6f0a56722526)] -> xpath: //a[text()='Login']]
Session ID: 375bc2a21c7b0856f2bb6f0a56722526
	at java.base/jdk.internal.reflect.NativeConstructorAccessorImpl.newInstance0(Native Method) ~[?:?]
	at java.base/jdk.internal.reflect.NativeConstructorAccessorImpl.newInstance(NativeConstructorAccessorImpl.java:77) ~[?:?]
	at java.base/jdk.internal.reflect.DelegatingConstructorAccessorImpl.newInstance(DelegatingConstructorAccessorImpl.java:45) ~[?:?]
	at java.base/java.lang.reflect.Constructor.newInstanceWithCaller(Constructor.java:500) ~[?:?]
	at java.base/java.lang.reflect.Constructor.newInstance(Constructor.java:481) ~[?:?]
	at org.openqa.selenium.remote.ErrorCodec.decode(ErrorCodec.java:167) ~[selenium-remote-driver-4.28.1.jar:?]
	at org.openqa.selenium.remote.codec.w3c.W3CHttpResponseCodec.decode(W3CHttpResponseCodec.java:138) ~[selenium-remote-driver-4.28.1.jar:?]
	at org.openqa.selenium.remote.codec.w3c.W3CHttpResponseCodec.decode(W3CHttpResponseCodec.java:50) ~[selenium-remote-driver-4.28.1.jar:?]
	at org.openqa.selenium.remote.HttpCommandExecutor.execute(HttpCommandExecutor.java:215) ~[selenium-remote-driver-4.28.1.jar:?]
	at org.openqa.selenium.remote.service.DriverCommandExecutor.invokeExecute(DriverCommandExecutor.java:216) ~[selenium-remote-driver-4.28.1.jar:?]
	at org.openqa.selenium.remote.service.DriverCommandExecutor.execute(DriverCommandExecutor.java:174) ~[selenium-remote-driver-4.28.1.jar:?]
	at org.openqa.selenium.remote.RemoteWebDriver.execute(RemoteWebDriver.java:545) ~[selenium-remote-driver-4.28.1.jar:?]
	at org.openqa.selenium.remote.RemoteWebElement.execute(RemoteWebElement.java:223) ~[selenium-remote-driver-4.28.1.jar:?]
	at org.openqa.selenium.remote.RemoteWebElement.click(RemoteWebElement.java:76) ~[selenium-remote-driver-4.28.1.jar:?]
	at java.base/jdk.internal.reflect.NativeMethodAccessorImpl.invoke0(Native Method) ~[?:?]
	at java.base/jdk.internal.reflect.NativeMethodAccessorImpl.invoke(NativeMethodAccessorImpl.java:77) ~[?:?]
	at java.base/jdk.internal.reflect.DelegatingMethodAccessorImpl.invoke(DelegatingMethodAccessorImpl.java:43) ~[?:?]
	at java.base/java.lang.reflect.Method.invoke(Method.java:569) ~[?:?]
	at org.openqa.selenium.support.pagefactory.internal.LocatingElementHandler.invoke(LocatingElementHandler.java:51) ~[selenium-support-4.28.1.jar:?]
	at jdk.proxy2/jdk.proxy2.$Proxy27.click(Unknown Source) ~[?:?]
	at pageObjects.HomePage.clickOnLogin(HomePage.java:43) ~[test-classes/:?]
	at testCases.TC002_LoginTest.verifyLogin(TC002_LoginTest.java:21) ~[test-classes/:?]
	at java.base/jdk.internal.reflect.NativeMethodAccessorImpl.invoke0(Native Method) ~[?:?]
	at java.base/jdk.internal.reflect.NativeMethodAccessorImpl.invoke(NativeMethodAccessorImpl.java:77) ~[?:?]
	at java.base/jdk.internal.reflect.DelegatingMethodAccessorImpl.invoke(DelegatingMethodAccessorImpl.java:43) ~[?:?]
	at java.base/java.lang.reflect.Method.invoke(Method.java:569) ~[?:?]
	at org.testng.internal.invokers.MethodInvocationHelper.invokeMethod(MethodInvocationHelper.java:141) ~[testng-7.11.0.jar:7.11.0]
	at org.testng.internal.invokers.TestInvoker.invokeMethod(TestInvoker.java:687) ~[testng-7.11.0.jar:7.11.0]
	at org.testng.internal.invokers.TestInvoker.invokeTestMethod(TestInvoker.java:230) ~[testng-7.11.0.jar:7.11.0]
	at org.testng.internal.invokers.MethodRunner.runInSequence(MethodRunner.java:63) ~[testng-7.11.0.jar:7.11.0]
	at org.testng.internal.invokers.TestInvoker$MethodInvocationAgent.invoke(TestInvoker.java:995) ~[testng-7.11.0.jar:7.11.0]
	at org.testng.internal.invokers.TestInvoker.invokeTestMethods(TestInvoker.java:203) ~[testng-7.11.0.jar:7.11.0]
	at org.testng.internal.invokers.TestMethodWorker.invokeTestMethods(TestMethodWorker.java:154) ~[testng-7.11.0.jar:7.11.0]
	at org.testng.internal.invokers.TestMethodWorker.run(TestMethodWorker.java:134) ~[testng-7.11.0.jar:7.11.0]
	at java.base/java.util.ArrayList.forEach(ArrayList.java:1511) [?:?]
	at org.testng.TestRunner.privateRun(TestRunner.java:741) [testng-7.11.0.jar:7.11.0]
	at org.testng.TestRunner.run(TestRunner.java:616) [testng-7.11.0.jar:7.11.0]
	at org.testng.SuiteRunner.runTest(SuiteRunner.java:421) [testng-7.11.0.jar:7.11.0]
	at org.testng.SuiteRunner.runSequentially(SuiteRunner.java:413) [testng-7.11.0.jar:7.11.0]
	at org.testng.SuiteRunner.privateRun(SuiteRunner.java:373) [testng-7.11.0.jar:7.11.0]
	at org.testng.SuiteRunner.run(SuiteRunner.java:312) [testng-7.11.0.jar:7.11.0]
	at org.testng.SuiteRunnerWorker.runSuite(SuiteRunnerWorker.java:52) [testng-7.11.0.jar:7.11.0]
	at org.testng.SuiteRunnerWorker.run(SuiteRunnerWorker.java:95) [testng-7.11.0.jar:7.11.0]
	at org.testng.TestNG.runSuitesSequentially(TestNG.java:1274) [testng-7.11.0.jar:7.11.0]
	at org.testng.TestNG.runSuitesLocally(TestNG.java:1208) [testng-7.11.0.jar:7.11.0]
	at org.testng.TestNG.runSuites(TestNG.java:1112) [testng-7.11.0.jar:7.11.0]
	at org.testng.TestNG.run(TestNG.java:1079) [testng-7.11.0.jar:7.11.0]
	at org.apache.maven.surefire.testng.TestNGExecutor.run(TestNGExecutor.java:308) [surefire-testng-3.5.2.jar:3.5.2]
	at org.apache.maven.surefire.testng.TestNGXmlTestSuite.execute(TestNGXmlTestSuite.java:71) [surefire-testng-3.5.2.jar:3.5.2]
	at org.apache.maven.surefire.testng.TestNGProvider.invoke(TestNGProvider.java:113) [surefire-testng-3.5.2.jar:3.5.2]
	at org.apache.maven.surefire.booter.ForkedBooter.runSuitesInProcess(ForkedBooter.java:385) [surefire-booter-3.5.2.jar:3.5.2]
	at org.apache.maven.surefire.booter.ForkedBooter.execute(ForkedBooter.java:162) [surefire-booter-3.5.2.jar:3.5.2]
	at org.apache.maven.surefire.booter.ForkedBooter.run(ForkedBooter.java:507) [surefire-booter-3.5.2.jar:3.5.2]
	at org.apache.maven.surefire.booter.ForkedBooter.main(ForkedBooter.java:495) [surefire-booter-3.5.2.jar:3.5.2]
[INFO ] 2025-03-05 21:55:15.831 [main] TC001_AccountRegistrationTest - got url from properties
[INFO ] 2025-03-05 21:55:15.873 [main] TC001_AccountRegistrationTest - *********** Starting TC001_AccountRegistrationTest**********
[INFO ] 2025-03-05 21:55:16.022 [main] TC001_AccountRegistrationTest - Clicked on my account link 
[INFO ] 2025-03-05 21:55:16.698 [main] TC001_AccountRegistrationTest - Clicked on register link 
[INFO ] 2025-03-05 21:55:16.700 [main] TC001_AccountRegistrationTest - providing customer details 
[INFO ] 2025-03-05 21:55:18.050 [main] TC001_AccountRegistrationTest - validating expected message
[INFO ] 2025-03-05 21:55:18.085 [main] TC001_AccountRegistrationTest - *********** Finished TC001_AccountRegistrationTest**********
[INFO ] 2025-03-05 21:55:22.510 [main] TC002_LoginTest - got url from properties
[INFO ] 2025-03-05 21:55:22.548 [main] TC002_LoginTest - **** Starting   TC001_LoginTest  ****
[INFO ] 2025-03-05 21:55:22.648 [main] TC002_LoginTest - clicked on my account link
[INFO ] 2025-03-05 21:55:23.053 [main] TC002_LoginTest - clicked on login link
[INFO ] 2025-03-05 21:55:23.145 [main] TC002_LoginTest - got email from config properties file
[INFO ] 2025-03-05 21:55:23.194 [main] TC002_LoginTest - got password from config properties file
[INFO ] 2025-03-05 21:55:24.416 [main] TC002_LoginTest - ####  Login Successful  ####
[INFO ] 2025-03-05 21:55:24.416 [main] TC002_LoginTest - **** finished   TC001_LoginTest  ****
[INFO ] 2025-03-05 21:57:42.145 [main] TC001_AccountRegistrationTest - got url from properties
[INFO ] 2025-03-05 21:57:42.199 [main] TC001_AccountRegistrationTest - *********** Starting TC001_AccountRegistrationTest**********
[INFO ] 2025-03-05 21:57:42.302 [main] TC001_AccountRegistrationTest - Clicked on my account link 
[INFO ] 2025-03-05 21:57:42.986 [main] TC001_AccountRegistrationTest - Clicked on register link 
[INFO ] 2025-03-05 21:57:42.987 [main] TC001_AccountRegistrationTest - providing customer details 
[INFO ] 2025-03-05 21:57:44.348 [main] TC001_AccountRegistrationTest - validating expected message
[INFO ] 2025-03-05 21:57:44.372 [main] TC001_AccountRegistrationTest - *********** Finished TC001_AccountRegistrationTest**********
[INFO ] 2025-03-05 21:57:48.834 [main] TC002_LoginTest - got url from properties
[INFO ] 2025-03-05 21:57:48.870 [main] TC002_LoginTest - **** Starting   TC001_LoginTest  ****
[INFO ] 2025-03-05 21:57:48.964 [main] TC002_LoginTest - clicked on my account link
[INFO ] 2025-03-05 21:57:49.369 [main] TC002_LoginTest - clicked on login link
[INFO ] 2025-03-05 21:57:49.457 [main] TC002_LoginTest - got email from config properties file
[INFO ] 2025-03-05 21:57:49.512 [main] TC002_LoginTest - got password from config properties file
[INFO ] 2025-03-05 21:57:50.668 [main] TC002_LoginTest - ####  Login Successful  ####
[INFO ] 2025-03-05 21:57:50.668 [main] TC002_LoginTest - **** finished   TC001_LoginTest  ****
[INFO ] 2025-03-05 22:31:26.895 [main] TC001_AccountRegistrationTest - got url from properties
[INFO ] 2025-03-05 22:31:26.940 [main] TC001_AccountRegistrationTest - *********** Starting TC001_AccountRegistrationTest**********
[INFO ] 2025-03-05 22:31:27.050 [main] TC001_AccountRegistrationTest - Clicked on my account link 
[INFO ] 2025-03-05 22:31:27.715 [main] TC001_AccountRegistrationTest - Clicked on register link 
[INFO ] 2025-03-05 22:31:27.718 [main] TC001_AccountRegistrationTest - providing customer details 
[INFO ] 2025-03-05 22:31:29.065 [main] TC001_AccountRegistrationTest - validating expected message
[INFO ] 2025-03-05 22:31:29.097 [main] TC001_AccountRegistrationTest - *********** Finished TC001_AccountRegistrationTest**********
[INFO ] 2025-03-05 22:31:33.613 [main] TC002_LoginTest - got url from properties
[INFO ] 2025-03-05 22:31:33.639 [main] TC002_LoginTest - **** Starting   TC001_LoginTest  ****
[INFO ] 2025-03-05 22:31:33.727 [main] TC002_LoginTest - clicked on my account link
[INFO ] 2025-03-05 22:31:34.130 [main] TC002_LoginTest - clicked on login link
[INFO ] 2025-03-05 22:31:34.224 [main] TC002_LoginTest - got email from config properties file
[INFO ] 2025-03-05 22:31:34.277 [main] TC002_LoginTest - got password from config properties file
[INFO ] 2025-03-05 22:31:35.461 [main] TC002_LoginTest - ####  Login Successful  ####
[INFO ] 2025-03-05 22:31:35.461 [main] TC002_LoginTest - **** finished   TC001_LoginTest  ****
[INFO ] 2025-03-05 22:49:51.884 [main] TC001_AccountRegistrationTest - got url from properties
[INFO ] 2025-03-05 22:49:51.942 [main] TC001_AccountRegistrationTest - *********** Starting TC001_AccountRegistrationTest**********
[INFO ] 2025-03-05 22:49:52.056 [main] TC001_AccountRegistrationTest - Clicked on my account link 
[INFO ] 2025-03-05 22:49:52.769 [main] TC001_AccountRegistrationTest - Clicked on register link 
[INFO ] 2025-03-05 22:49:52.770 [main] TC001_AccountRegistrationTest - providing customer details 
[INFO ] 2025-03-05 22:49:54.152 [main] TC001_AccountRegistrationTest - validating expected message
[INFO ] 2025-03-05 22:49:54.187 [main] TC001_AccountRegistrationTest - *********** Finished TC001_AccountRegistrationTest**********
[INFO ] 2025-03-05 22:49:58.692 [main] TC002_LoginTest - got url from properties
[INFO ] 2025-03-05 22:49:58.738 [main] TC002_LoginTest - **** Starting   TC001_LoginTest  ****
[INFO ] 2025-03-05 22:49:58.798 [main] TC002_LoginTest - clicked on my account link
[INFO ] 2025-03-05 22:49:59.217 [main] TC002_LoginTest - clicked on login link
[INFO ] 2025-03-05 22:49:59.321 [main] TC002_LoginTest - got email from config properties file
[INFO ] 2025-03-05 22:49:59.373 [main] TC002_LoginTest - got password from config properties file
[INFO ] 2025-03-05 22:50:00.544 [main] TC002_LoginTest - ####  Login Successful  ####
[INFO ] 2025-03-05 22:50:00.544 [main] TC002_LoginTest - **** finished   TC001_LoginTest  ****
[INFO ] 2025-03-06 12:18:33.410 [main] TC001_AccountRegistrationTest - got url from properties
[INFO ] 2025-03-06 12:18:33.448 [main] TC001_AccountRegistrationTest - *********** Starting TC001_AccountRegistrationTest**********
[INFO ] 2025-03-06 12:18:33.529 [main] TC001_AccountRegistrationTest - Clicked on my account link 
[INFO ] 2025-03-06 12:18:34.472 [main] TC001_AccountRegistrationTest - Clicked on register link 
[INFO ] 2025-03-06 12:18:34.478 [main] TC001_AccountRegistrationTest - providing customer details 
[INFO ] 2025-03-06 12:18:36.705 [main] TC001_AccountRegistrationTest - validating expected message
[INFO ] 2025-03-06 12:18:36.740 [main] TC001_AccountRegistrationTest - *********** Finished TC001_AccountRegistrationTest**********
[INFO ] 2025-03-06 12:18:41.810 [main] TC002_LoginTest - got url from properties
[INFO ] 2025-03-06 12:18:41.847 [main] TC002_LoginTest - **** Starting   TC001_LoginTest  ****
[INFO ] 2025-03-06 12:18:41.930 [main] TC002_LoginTest - clicked on my account link
[INFO ] 2025-03-06 12:18:42.362 [main] TC002_LoginTest - clicked on login link
[INFO ] 2025-03-06 12:18:42.434 [main] TC002_LoginTest - got email from config properties file
[INFO ] 2025-03-06 12:18:42.484 [main] TC002_LoginTest - got password from config properties file
[INFO ] 2025-03-06 12:18:43.652 [main] TC002_LoginTest - ####  Login Successful  ####
[INFO ] 2025-03-06 12:18:43.652 [main] TC002_LoginTest - **** finished   TC001_LoginTest  ****
[INFO ] 2025-03-06 12:19:11.279 [main] TC001_AccountRegistrationTest - got url from properties
[INFO ] 2025-03-06 12:19:11.317 [main] TC001_AccountRegistrationTest - *********** Starting TC001_AccountRegistrationTest**********
[INFO ] 2025-03-06 12:19:11.388 [main] TC001_AccountRegistrationTest - Clicked on my account link 
[INFO ] 2025-03-06 12:19:12.064 [main] TC001_AccountRegistrationTest - Clicked on register link 
[INFO ] 2025-03-06 12:19:12.066 [main] TC001_AccountRegistrationTest - providing customer details 
[INFO ] 2025-03-06 12:19:13.382 [main] TC001_AccountRegistrationTest - validating expected message
[INFO ] 2025-03-06 12:19:13.408 [main] TC001_AccountRegistrationTest - *********** Finished TC001_AccountRegistrationTest**********
[INFO ] 2025-03-06 12:19:17.657 [main] TC002_LoginTest - got url from properties
[INFO ] 2025-03-06 12:19:17.685 [main] TC002_LoginTest - **** Starting   TC001_LoginTest  ****
[INFO ] 2025-03-06 12:19:17.740 [main] TC002_LoginTest - clicked on my account link
[INFO ] 2025-03-06 12:19:18.112 [main] TC002_LoginTest - clicked on login link
[INFO ] 2025-03-06 12:19:18.172 [main] TC002_LoginTest - got email from config properties file
[INFO ] 2025-03-06 12:19:18.214 [main] TC002_LoginTest - got password from config properties file
[INFO ] 2025-03-06 12:19:19.387 [main] TC002_LoginTest - ####  Login Successful  ####
[INFO ] 2025-03-06 12:19:19.387 [main] TC002_LoginTest - **** finished   TC001_LoginTest  ****
[INFO ] 2025-03-06 13:41:49.980 [main] TC001_AccountRegistrationTest - got url from properties
[INFO ] 2025-03-06 13:41:50.024 [main] TC001_AccountRegistrationTest - *********** Starting TC001_AccountRegistrationTest**********
[INFO ] 2025-03-06 13:41:50.125 [main] TC001_AccountRegistrationTest - Clicked on my account link 
[INFO ] 2025-03-06 13:41:50.786 [main] TC001_AccountRegistrationTest - Clicked on register link 
[INFO ] 2025-03-06 13:41:50.799 [main] TC001_AccountRegistrationTest - providing customer details 
[INFO ] 2025-03-06 13:41:52.274 [main] TC001_AccountRegistrationTest - validating expected message
[INFO ] 2025-03-06 13:41:52.303 [main] TC001_AccountRegistrationTest - *********** Finished TC001_AccountRegistrationTest**********
[INFO ] 2025-03-06 13:41:56.690 [main] TC002_LoginTest - got url from properties
[INFO ] 2025-03-06 13:41:56.725 [main] TC002_LoginTest - **** Starting   TC001_LoginTest  ****
[INFO ] 2025-03-06 13:41:56.800 [main] TC002_LoginTest - clicked on my account link
[INFO ] 2025-03-06 13:41:57.271 [main] TC002_LoginTest - clicked on login link
[INFO ] 2025-03-06 13:41:57.362 [main] TC002_LoginTest - got email from config properties file
[INFO ] 2025-03-06 13:41:57.416 [main] TC002_LoginTest - got password from config properties file
[INFO ] 2025-03-06 13:41:58.585 [main] TC002_LoginTest - ####  Login Successful  ####
[INFO ] 2025-03-06 13:41:58.585 [main] TC002_LoginTest - **** finished   TC001_LoginTest  ****
